<?xml version="1.0" encoding="utf-8"?>
<shfbBuild product="Sandcastle Help File Builder and Tools" version="2018.7.8.0" projectFile="G:\Archive\Programmata\GitHub\RouteeSMS\Documentation\Documentation.shfbproj" started="10/8/2018 8:10:27 μμ">
<buildStep step="Initializing">
Finding tools...
The Sandcastle tools are located in &#39;C:\Program Files (x86)\EWSoftware\Sandcastle Help File Builder\&#39;
Searching for HTML Help 1 compiler...
Found HTML Help 1 compiler in &#39;C:\Program Files (x86)\HTML Help Workshop\&#39;
Locating components in the following folder(s):
    G:\Archive\Programmata\GitHub\RouteeSMS\Documentation
    C:\ProgramData\EWSoftware\Sandcastle Help File Builder\Components and Plug-Ins\
    C:\Program Files (x86)\EWSoftware\Sandcastle Help File Builder\
Using framework reflection data for &#39;.NET Framework 4.5&#39; located in &#39;C:\Program Files (x86)\EWSoftware\Sandcastle Help File Builder\Data\.NETFramework&#39;
Using presentation style &#39;VS2013&#39; located in &#39;C:\Program Files (x86)\EWSoftware\Sandcastle Help File Builder\PresentationStyles\VS2013&#39;
Loading and initializing plug-ins...
Lightweight Website Style Version 2018.7.8.0
Copyright &#169; 2006-2018, Eric Woodruff, All Rights Reserved
Portions Copyright &#169; 2014, Sam Harwell, All Rights Reserved
</buildStep>
<buildStep step="ValidatingDocumentationSources">
Validating and copying documentation source information
Source: G:\Archive\Programmata\GitHub\RouteeSMS\RouteeSMSClient\RouteeSMSClient.csproj
    Found project &#39;G:\Archive\Programmata\GitHub\RouteeSMS\RouteeSMSClient\RouteeSMSClient.csproj&#39;
Source: G:\Archive\Programmata\GitHub\RouteeSMS\SMSInterfaces\SMSInterfaces.csproj
    Found project &#39;G:\Archive\Programmata\GitHub\RouteeSMS\SMSInterfaces\SMSInterfaces.csproj&#39;

Parsing project files
    Last step completed in 00:00:00,1890
</buildStep>
<buildStep step="Failed">

SHFB: Error BE0040: Project assembly does not exist: G:\Archive\Programmata\GitHub\RouteeSMS\RouteeSMSClient\bin\Debug\netstandard2.0\RouteeSMSClient.dll
   at SandcastleBuilder.Utils.BuildEngine.BuildProcess.ValidateDocumentationSources()
   at SandcastleBuilder.Utils.BuildEngine.BuildProcess.Build()

</buildStep>
</shfbBuild>
